0 info it worked if it ends with ok
1 verbose cli [ '/home/sanket/.nvm/versions/node/v0.12.18/bin/node',
1 verbose cli   '/home/sanket/.nvm/versions/node/v0.12.18/bin/npm',
1 verbose cli   'install',
1 verbose cli   'mongoose' ]
2 info using npm@2.15.11
3 info using node@v0.12.18
4 verbose install initial load of /home/sanket/jc/package.json
5 warn package.json gc@1.0.0 No description
6 warn package.json gc@1.0.0 No repository field.
7 warn package.json gc@1.0.0 No README data
8 verbose installManyTop reading scoped package data from /home/sanket/jc/node_modules/accepts/package.json
9 verbose installManyTop reading scoped package data from /home/sanket/jc/node_modules/array-flatten/package.json
10 verbose installManyTop reading scoped package data from /home/sanket/jc/node_modules/async/package.json
11 verbose installManyTop reading scoped package data from /home/sanket/jc/node_modules/bluebird/package.json
12 verbose installManyTop reading scoped package data from /home/sanket/jc/node_modules/body-parser/package.json
13 verbose installManyTop reading scoped package data from /home/sanket/jc/node_modules/bson/package.json
14 verbose installManyTop reading scoped package data from /home/sanket/jc/node_modules/bytes/package.json
15 verbose installManyTop reading scoped package data from /home/sanket/jc/node_modules/content-disposition/package.json
16 verbose installManyTop reading scoped package data from /home/sanket/jc/node_modules/content-type/package.json
17 verbose installManyTop reading scoped package data from /home/sanket/jc/node_modules/cookie/package.json
18 verbose installManyTop reading scoped package data from /home/sanket/jc/node_modules/cookie-signature/package.json
19 verbose installManyTop reading scoped package data from /home/sanket/jc/node_modules/crc/package.json
20 verbose installManyTop reading scoped package data from /home/sanket/jc/node_modules/debug/package.json
21 verbose installManyTop reading scoped package data from /home/sanket/jc/node_modules/depd/package.json
22 verbose installManyTop reading scoped package data from /home/sanket/jc/node_modules/destroy/package.json
23 verbose installManyTop reading scoped package data from /home/sanket/jc/node_modules/ee-first/package.json
24 verbose installManyTop reading scoped package data from /home/sanket/jc/node_modules/ejs/package.json
25 verbose installManyTop reading scoped package data from /home/sanket/jc/node_modules/encodeurl/package.json
26 verbose installManyTop reading scoped package data from /home/sanket/jc/node_modules/escape-html/package.json
27 verbose installManyTop reading scoped package data from /home/sanket/jc/node_modules/etag/package.json
28 verbose installManyTop reading scoped package data from /home/sanket/jc/node_modules/express/package.json
29 verbose installManyTop reading scoped package data from /home/sanket/jc/node_modules/express-session/package.json
30 verbose installManyTop reading scoped package data from /home/sanket/jc/node_modules/finalhandler/package.json
31 verbose installManyTop reading scoped package data from /home/sanket/jc/node_modules/forwarded/package.json
32 verbose installManyTop reading scoped package data from /home/sanket/jc/node_modules/fresh/package.json
33 verbose installManyTop reading scoped package data from /home/sanket/jc/node_modules/generaterr/package.json
34 verbose installManyTop reading scoped package data from /home/sanket/jc/node_modules/http-errors/package.json
35 verbose installManyTop reading scoped package data from /home/sanket/jc/node_modules/iconv-lite/package.json
36 verbose installManyTop reading scoped package data from /home/sanket/jc/node_modules/inherits/package.json
37 verbose installManyTop reading scoped package data from /home/sanket/jc/node_modules/ipaddr.js/package.json
38 verbose installManyTop reading scoped package data from /home/sanket/jc/node_modules/kareem/package.json
39 verbose installManyTop reading scoped package data from /home/sanket/jc/node_modules/lodash/package.json
40 verbose installManyTop reading scoped package data from /home/sanket/jc/node_modules/lodash.get/package.json
41 verbose installManyTop reading scoped package data from /home/sanket/jc/node_modules/media-typer/package.json
42 verbose installManyTop reading scoped package data from /home/sanket/jc/node_modules/merge-descriptors/package.json
43 verbose installManyTop reading scoped package data from /home/sanket/jc/node_modules/methods/package.json
44 verbose installManyTop reading scoped package data from /home/sanket/jc/node_modules/mime/package.json
45 verbose installManyTop reading scoped package data from /home/sanket/jc/node_modules/mime-db/package.json
46 verbose installManyTop reading scoped package data from /home/sanket/jc/node_modules/mime-types/package.json
47 verbose installManyTop reading scoped package data from /home/sanket/jc/node_modules/mongodb/package.json
48 verbose installManyTop reading scoped package data from /home/sanket/jc/node_modules/mongodb-core/package.json
49 verbose installManyTop reading scoped package data from /home/sanket/jc/node_modules/mongoose/package.json
50 verbose installManyTop reading scoped package data from /home/sanket/jc/node_modules/mongoose-legacy-pluralize/package.json
51 verbose installManyTop reading scoped package data from /home/sanket/jc/node_modules/mpath/package.json
52 verbose installManyTop reading scoped package data from /home/sanket/jc/node_modules/mquery/package.json
53 verbose installManyTop reading scoped package data from /home/sanket/jc/node_modules/ms/package.json
54 verbose installManyTop reading scoped package data from /home/sanket/jc/node_modules/negotiator/package.json
55 verbose installManyTop reading scoped package data from /home/sanket/jc/node_modules/on-finished/package.json
56 verbose installManyTop reading scoped package data from /home/sanket/jc/node_modules/on-headers/package.json
57 verbose installManyTop reading scoped package data from /home/sanket/jc/node_modules/parseurl/package.json
58 verbose installManyTop reading scoped package data from /home/sanket/jc/node_modules/passport/package.json
59 verbose installManyTop reading scoped package data from /home/sanket/jc/node_modules/passport-local/package.json
60 verbose installManyTop reading scoped package data from /home/sanket/jc/node_modules/passport-local-mongoose/package.json
61 verbose installManyTop reading scoped package data from /home/sanket/jc/node_modules/passport-strategy/package.json
62 verbose installManyTop reading scoped package data from /home/sanket/jc/node_modules/path-to-regexp/package.json
63 verbose installManyTop reading scoped package data from /home/sanket/jc/node_modules/pause/package.json
64 verbose installManyTop reading scoped package data from /home/sanket/jc/node_modules/proxy-addr/package.json
65 verbose installManyTop reading scoped package data from /home/sanket/jc/node_modules/qs/package.json
66 verbose installManyTop reading scoped package data from /home/sanket/jc/node_modules/random-bytes/package.json
67 verbose installManyTop reading scoped package data from /home/sanket/jc/node_modules/range-parser/package.json
68 verbose installManyTop reading scoped package data from /home/sanket/jc/node_modules/raw-body/package.json
69 verbose installManyTop reading scoped package data from /home/sanket/jc/node_modules/regexp-clone/package.json
70 verbose installManyTop reading scoped package data from /home/sanket/jc/node_modules/require_optional/package.json
71 verbose installManyTop reading scoped package data from /home/sanket/jc/node_modules/resolve-from/package.json
72 verbose installManyTop reading scoped package data from /home/sanket/jc/node_modules/safe-buffer/package.json
73 verbose installManyTop reading scoped package data from /home/sanket/jc/node_modules/scmp/package.json
74 verbose installManyTop reading scoped package data from /home/sanket/jc/node_modules/semver/package.json
75 verbose installManyTop reading scoped package data from /home/sanket/jc/node_modules/send/package.json
76 verbose installManyTop reading scoped package data from /home/sanket/jc/node_modules/serve-static/package.json
77 verbose installManyTop reading scoped package data from /home/sanket/jc/node_modules/setprototypeof/package.json
78 verbose installManyTop reading scoped package data from /home/sanket/jc/node_modules/sliced/package.json
79 verbose installManyTop reading scoped package data from /home/sanket/jc/node_modules/statuses/package.json
80 verbose installManyTop reading scoped package data from /home/sanket/jc/node_modules/type-is/package.json
81 verbose installManyTop reading scoped package data from /home/sanket/jc/node_modules/uid-safe/package.json
82 verbose installManyTop reading scoped package data from /home/sanket/jc/node_modules/unpipe/package.json
83 verbose installManyTop reading scoped package data from /home/sanket/jc/node_modules/utils-merge/package.json
84 verbose installManyTop reading scoped package data from /home/sanket/jc/node_modules/vary/package.json
85 info package.json kareem@2.0.0-rc5 license should be a valid SPDX license expression
86 info package.json mongoose-legacy-pluralize@1.0.1 license should be a valid SPDX license expression
87 info package.json passport-local@1.0.0 No license field.
88 info package.json passport-strategy@1.0.0 No license field.
89 info package.json pause@0.0.1 No repository field.
90 info package.json pause@0.0.1 No license field.
91 verbose readDependencies loading dependencies from /home/sanket/jc/package.json
92 verbose install mongoose is installed as 5.0.0-rc0
93 silly cache add args [ 'mongoose@^5.0.0-rc0', null ]
94 verbose cache add spec mongoose@^5.0.0-rc0
95 silly cache add parsed spec { raw: 'mongoose@^5.0.0-rc0',
95 silly cache add   scope: null,
95 silly cache add   name: 'mongoose',
95 silly cache add   rawSpec: '^5.0.0-rc0',
95 silly cache add   spec: '>=5.0.0-rc0 <6.0.0',
95 silly cache add   type: 'range' }
96 silly addNamed mongoose@>=5.0.0-rc0 <6.0.0
97 verbose addNamed ">=5.0.0-rc0 <6.0.0" is a valid semver range for mongoose
98 silly addNameRange { name: 'mongoose', range: '>=5.0.0-rc0 <6.0.0', hasData: false }
99 silly mapToRegistry name mongoose
100 silly mapToRegistry using default registry
101 silly mapToRegistry registry https://registry.npmjs.org/
102 silly mapToRegistry data { raw: 'mongoose',
102 silly mapToRegistry   scope: null,
102 silly mapToRegistry   name: 'mongoose',
102 silly mapToRegistry   rawSpec: '',
102 silly mapToRegistry   spec: 'latest',
102 silly mapToRegistry   type: 'tag' }
103 silly mapToRegistry uri https://registry.npmjs.org/mongoose
104 verbose addNameRange registry:https://registry.npmjs.org/mongoose not in flight; fetching
105 verbose request uri https://registry.npmjs.org/mongoose
106 verbose request no auth needed
107 info attempt registry request try #1 at 3:19:32 PM
108 verbose request id ee95b5f69c9fcab4
109 verbose etag "5a476c70-adc0f"
110 verbose lastModified Sat, 30 Dec 2017 10:37:36 GMT
111 http request GET https://registry.npmjs.org/mongoose
112 http 200 https://registry.npmjs.org/mongoose
113 verbose headers { 'content-type': 'application/json; charset=UTF-8',
113 verbose headers   server: 'UploadServer',
113 verbose headers   'cache-control': 'max-age=300',
113 verbose headers   'last-modified': 'Thu, 4 Jan 2018 7:50:08 GMT',
113 verbose headers   etag: '"5a4ddcb0-ae560"',
113 verbose headers   'content-encoding': 'gzip',
113 verbose headers   'content-length': '52691',
113 verbose headers   'accept-ranges': 'bytes',
113 verbose headers   date: 'Thu, 04 Jan 2018 09:49:32 GMT',
113 verbose headers   via: '1.1 varnish',
113 verbose headers   age: '7086',
113 verbose headers   connection: 'keep-alive',
113 verbose headers   'x-served-by': 'cache-sin18033-SIN',
113 verbose headers   'x-cache': 'HIT',
113 verbose headers   'x-cache-hits': '18',
113 verbose headers   'x-timer': 'S1515059373.736790,VS0,VE0',
113 verbose headers   vary: 'Accept-Encoding, Accept' }
114 silly get cb [ 200,
114 silly get   { 'content-type': 'application/json; charset=UTF-8',
114 silly get     server: 'UploadServer',
114 silly get     'cache-control': 'max-age=300',
114 silly get     'last-modified': 'Thu, 4 Jan 2018 7:50:08 GMT',
114 silly get     etag: '"5a4ddcb0-ae560"',
114 silly get     'content-encoding': 'gzip',
114 silly get     'content-length': '52691',
114 silly get     'accept-ranges': 'bytes',
114 silly get     date: 'Thu, 04 Jan 2018 09:49:32 GMT',
114 silly get     via: '1.1 varnish',
114 silly get     age: '7086',
114 silly get     connection: 'keep-alive',
114 silly get     'x-served-by': 'cache-sin18033-SIN',
114 silly get     'x-cache': 'HIT',
114 silly get     'x-cache-hits': '18',
114 silly get     'x-timer': 'S1515059373.736790,VS0,VE0',
114 silly get     vary: 'Accept-Encoding, Accept' } ]
115 verbose get saving mongoose to /home/sanket/.npm/registry.npmjs.org/mongoose/.cache.json
116 verbose correctMkdir /home/sanket/.npm correctMkdir not in flight; initializing
117 silly addNameRange number 2 { name: 'mongoose', range: '>=5.0.0-rc0 <6.0.0', hasData: true }
118 silly addNameRange versions [ 'mongoose',
118 silly addNameRange   [ '0.0.1',
118 silly addNameRange     '0.0.2',
118 silly addNameRange     '0.0.3',
118 silly addNameRange     '0.0.4',
118 silly addNameRange     '0.0.5',
118 silly addNameRange     '1.0.0',
118 silly addNameRange     '1.0.1',
118 silly addNameRange     '1.0.2',
118 silly addNameRange     '0.0.6',
118 silly addNameRange     '1.0.3',
118 silly addNameRange     '1.0.4',
118 silly addNameRange     '1.0.5',
118 silly addNameRange     '1.0.6',
118 silly addNameRange     '1.0.7',
118 silly addNameRange     '1.0.8',
118 silly addNameRange     '1.0.10',
118 silly addNameRange     '1.0.11',
118 silly addNameRange     '1.0.12',
118 silly addNameRange     '1.0.13',
118 silly addNameRange     '1.0.14',
118 silly addNameRange     '1.0.15',
118 silly addNameRange     '1.0.16',
118 silly addNameRange     '1.1.0',
118 silly addNameRange     '1.1.1',
118 silly addNameRange     '1.1.2',
118 silly addNameRange     '1.1.3',
118 silly addNameRange     '1.1.4',
118 silly addNameRange     '1.1.5',
118 silly addNameRange     '1.1.6',
118 silly addNameRange     '1.1.7',
118 silly addNameRange     '1.1.8',
118 silly addNameRange     '1.1.9',
118 silly addNameRange     '1.1.10',
118 silly addNameRange     '1.1.11',
118 silly addNameRange     '1.1.12',
118 silly addNameRange     '1.1.13',
118 silly addNameRange     '1.1.14',
118 silly addNameRange     '1.1.15',
118 silly addNameRange     '1.1.16',
118 silly addNameRange     '1.1.17',
118 silly addNameRange     '1.1.18',
118 silly addNameRange     '1.1.19',
118 silly addNameRange     '1.1.20',
118 silly addNameRange     '1.1.21',
118 silly addNameRange     '1.1.22',
118 silly addNameRange     '1.1.23',
118 silly addNameRange     '1.1.24',
118 silly addNameRange     '1.1.25',
118 silly addNameRange     '1.2.0',
118 silly addNameRange     '1.3.0',
118 silly addNameRange     '1.3.1',
118 silly addNameRange     '1.3.2',
118 silly addNameRange     '1.3.3',
118 silly addNameRange     '1.3.4',
118 silly addNameRange     '1.3.5',
118 silly addNameRange     '1.3.6',
118 silly addNameRange     '1.3.7',
118 silly addNameRange     '1.4.0',
118 silly addNameRange     '1.5.0',
118 silly addNameRange     '1.6.0',
118 silly addNameRange     '1.7.2',
118 silly addNameRange     '1.7.3',
118 silly addNameRange     '1.7.4',
118 silly addNameRange     '1.8.0',
118 silly addNameRange     '1.8.1',
118 silly addNameRange     '1.8.2',
118 silly addNameRange     '1.8.3',
118 silly addNameRange     '1.8.4',
118 silly addNameRange     '2.0.0',
118 silly addNameRange     '2.0.1',
118 silly addNameRange     '2.0.2',
118 silly addNameRange     '2.0.3',
118 silly addNameRange     '2.0.4',
118 silly addNameRange     '2.1.0',
118 silly addNameRange     '2.1.1',
118 silly addNameRange     '2.1.2',
118 silly addNameRange     '2.1.3',
118 silly addNameRange     '2.1.4',
118 silly addNameRange     '2.2.0',
118 silly addNameRange     '2.2.1',
118 silly addNameRange     '2.2.2',
118 silly addNameRange     '2.2.3',
118 silly addNameRange     '2.2.4',
118 silly addNameRange     '2.3.0',
118 silly addNameRange     '2.3.1',
118 silly addNameRange     '2.3.2',
118 silly addNameRange     '2.3.3',
118 silly addNameRange     '2.3.4',
118 silly addNameRange     '2.3.5',
118 silly addNameRange     '2.3.6',
118 silly addNameRange     '2.3.7',
118 silly addNameRange     '2.3.8',
118 silly addNameRange     '2.3.9',
118 silly addNameRange     '2.3.10',
118 silly addNameRange     '2.3.11',
118 silly addNameRange     '2.3.12',
118 silly addNameRange     '2.3.13',
118 silly addNameRange     '2.4.0',
118 silly addNameRange     '2.4.1',
118 silly addNameRange     '2.4.2',
118 silly addNameRange     '2.4.3',
118 silly addNameRange     '2.4.4',
118 silly addNameRange     '2.4.5',
118 silly addNameRange     '2.4.6',
118 silly addNameRange     '2.4.7',
118 silly addNameRange     '2.4.8',
118 silly addNameRange     '2.4.9',
118 silly addNameRange     '2.4.10',
118 silly addNameRange     '2.5.0',
118 silly addNameRange     '2.5.1',
118 silly addNameRange     '2.5.2',
118 silly addNameRange     '2.5.3',
118 silly addNameRange     '2.5.4',
118 silly addNameRange     '2.5.5',
118 silly addNameRange     '2.5.6',
118 silly addNameRange     '2.5.7',
118 silly addNameRange     '2.5.8',
118 silly addNameRange     '2.5.9',
118 silly addNameRange     '2.5.10',
118 silly addNameRange     '2.5.11',
118 silly addNameRange     '2.5.12',
118 silly addNameRange     '2.5.13',
118 silly addNameRange     '2.5.14',
118 silly addNameRange     '2.6.0',
118 silly addNameRange     '2.6.1',
118 silly addNameRange     '2.6.2',
118 silly addNameRange     '2.6.3',
118 silly addNameRange     '2.6.4',
118 silly addNameRange     '2.6.5',
118 silly addNameRange     '2.6.6',
118 silly addNameRange     '2.6.7',
118 silly addNameRange     '2.6.8',
118 silly addNameRange     '2.7.0',
118 silly addNameRange     '2.7.1',
118 silly addNameRange     '2.7.2',
118 silly addNameRange     '2.7.4',
118 silly addNameRange     '2.7.3',
118 silly addNameRange     '3.0.0',
118 silly addNameRange     '3.0.1',
118 silly addNameRange     '3.0.2',
118 silly addNameRange     '2.8.0',
118 silly addNameRange     '3.0.3',
118 silly addNameRange     '3.1.0',
118 silly addNameRange     '2.8.1',
118 silly addNameRange     '3.1.1',
118 silly addNameRange     '2.8.2',
118 silly addNameRange     '2.8.3',
118 silly addNameRange     '2.9.0',
118 silly addNameRange     '3.2.0',
118 silly addNameRange     '2.9.1',
118 silly addNameRange     '3.2.1',
118 silly addNameRange     '2.9.2',
118 silly addNameRange     '3.2.2',
118 silly addNameRange     '3.3.0',
118 silly addNameRange     '3.3.1',
118 silly addNameRange     '2.9.3',
118 silly addNameRange     '3.4.0',
118 silly addNameRange     '2.9.4',
118 silly addNameRange     '2.9.5',
118 silly addNameRange     '3.5.0',
118 silly addNameRange     '3.5.1',
118 silly addNameRange     '3.5.2',
118 silly addNameRange     '3.5.3',
118 silly addNameRange     '2.9.6',
118 silly addNameRange     '2.9.7',
118 silly addNameRange     '3.5.4',
118 silly addNameRange     '3.5.5',
118 silly addNameRange     '2.9.8',
118 silly addNameRange     '2.9.9',
118 silly addNameRange     '3.5.6',
118 silly addNameRange     '3.5.7',
118 silly addNameRange     '3.5.8',
118 silly addNameRange     '2.9.10',
118 silly addNameRange     '3.5.9',
118 silly addNameRange     '3.6.2',
118 silly addNameRange     '3.5.10',
118 silly addNameRange     '3.6.3',
118 silly addNameRange     '3.5.11',
118 silly addNameRange     '3.6.4',
118 silly addNameRange     '3.6.5',
118 silly addNameRange     '3.6.6',
118 silly addNameRange     '3.6.7',
118 silly addNameRange     '3.5.12',
118 silly addNameRange     '3.6.8',
118 silly addNameRange     '3.6.9',
118 silly addNameRange     '3.6.10',
118 silly addNameRange     '3.5.13',
118 silly addNameRange     '3.5.14',
118 silly addNameRange     '3.6.11',
118 silly addNameRange     '3.6.12',
118 silly addNameRange     '3.6.13',
118 silly addNameRange     '3.6.14',
118 silly addNameRange     '3.6.15',
118 silly addNameRange     '3.5.15',
118 silly addNameRange     '3.7.0',
118 silly addNameRange     '3.6.16',
118 silly addNameRange     '3.5.16',
118 silly addNameRange     '3.6.17',
118 silly addNameRange     '3.7.2',
118 silly addNameRange     '3.0.0-alpha1',
118 silly addNameRange     '3.0.0-alpha2',
118 silly addNameRange     '3.0.0-rc0',
118 silly addNameRange     '3.6.0-rc0',
118 silly addNameRange     '3.6.0-rc1',
118 silly addNameRange     '3.6.18',
118 silly addNameRange     '3.7.3',
118 silly addNameRange     '3.6.19',
118 silly addNameRange     '3.6.20',
118 silly addNameRange     '3.7.4',
118 silly addNameRange     '3.8.0',
118 silly addNameRange     '3.8.1',
118 silly addNameRange     '3.8.2',
118 silly addNameRange     '3.8.3',
118 silly addNameRange     '3.8.4',
118 silly addNameRange     '3.8.5',
118 silly addNameRange     '3.8.6',
118 silly addNameRange     '3.8.7',
118 silly addNameRange     '3.8.8',
118 silly addNameRange     '3.8.9',
118 silly addNameRange     '3.8.10',
118 silly addNameRange     '3.8.11',
118 silly addNameRange     '3.9.0',
118 silly addNameRange     '3.8.12',
118 silly addNameRange     '3.8.13',
118 silly addNameRange     '3.8.14',
118 silly addNameRange     '3.8.15',
118 silly addNameRange     '3.9.1',
118 silly addNameRange     '3.8.16',
118 silly addNameRange     '3.9.2',
118 silly addNameRange     '3.8.17',
118 silly addNameRange     '3.9.3',
118 silly addNameRange     '3.8.18',
118 silly addNameRange     '3.9.4',
118 silly addNameRange     '3.8.19',
118 silly addNameRange     '3.9.5',
118 silly addNameRange     '3.8.20',
118 silly addNameRange     '3.9.6',
118 silly addNameRange     '3.8.21',
118 silly addNameRange     '3.9.7',
118 silly addNameRange     '3.8.22',
118 silly addNameRange     '4.0.0-rc0',
118 silly addNameRange     '4.0.0-rc1',
118 silly addNameRange     '3.8.23',
118 silly addNameRange     '4.0.0-rc2',
118 silly addNameRange     '3.8.24',
118 silly addNameRange     '4.0.0-rc3',
118 silly addNameRange     '3.8.25',
118 silly addNameRange     '4.0.0-rc4',
118 silly addNameRange     '4.0.0',
118 silly addNameRange     '4.0.1',
118 silly addNameRange     '3.8.26',
118 silly addNameRange     '3.8.27',
118 silly addNameRange     '4.0.2',
118 silly addNameRange     '3.8.28',
118 silly addNameRange     '4.0.3',
118 silly addNameRange     '3.8.29',
118 silly addNameRange     '4.0.4',
118 silly addNameRange     '3.8.30',
118 silly addNameRange     '4.0.5',
118 silly addNameRange     '3.8.31',
118 silly addNameRange     '4.0.6',
118 silly addNameRange     '3.8.33',
118 silly addNameRange     '4.0.7',
118 silly addNameRange     '3.8.34',
118 silly addNameRange     '4.0.8',
118 silly addNameRange     '4.1.0',
118 silly addNameRange     '4.1.1',
118 silly addNameRange     '4.1.2',
118 silly addNameRange     '3.8.35',
118 silly addNameRange     '4.1.3',
118 silly addNameRange     '4.1.5',
118 silly addNameRange     '4.1.6',
118 silly addNameRange     '4.1.7',
118 silly addNameRange     '4.1.8',
118 silly addNameRange     '4.1.9',
118 silly addNameRange     '4.1.10',
118 silly addNameRange     '4.1.11',
118 silly addNameRange     '3.8.36',
118 silly addNameRange     '4.1.12',
118 silly addNameRange     '4.2.0',
118 silly addNameRange     '4.2.1',
118 silly addNameRange     '4.2.2',
118 silly addNameRange     '4.2.3',
118 silly addNameRange     '4.2.4',
118 silly addNameRange     '4.2.5',
118 silly addNameRange     '3.8.37',
118 silly addNameRange     '4.2.6',
118 silly addNameRange     '4.2.7',
118 silly addNameRange     '4.2.8',
118 silly addNameRange     '4.2.9',
118 silly addNameRange     '4.2.10',
118 silly addNameRange     '4.3.0',
118 silly addNameRange     '4.3.1',
118 silly addNameRange     '4.3.2',
118 silly addNameRange     '4.3.3',
118 silly addNameRange     '4.3.4',
118 silly addNameRange     '3.8.38',
118 silly addNameRange     '4.3.5',
118 silly addNameRange     '4.3.6',
118 silly addNameRange     '3.8.39',
118 silly addNameRange     '4.3.7',
118 silly addNameRange     '4.4.0',
118 silly addNameRange     '4.4.1',
118 silly addNameRange     '4.4.2',
118 silly addNameRange     '4.4.3',
118 silly addNameRange     '4.4.4',
118 silly addNameRange     '4.4.5',
118 silly addNameRange     '4.4.6',
118 silly addNameRange     '4.4.7',
118 silly addNameRange     '4.4.8',
118 silly addNameRange     '4.4.9',
118 silly addNameRange     '4.4.10',
118 silly addNameRange     '4.4.11',
118 silly addNameRange     '4.4.12',
118 silly addNameRange     '4.4.13',
118 silly addNameRange     '3.8.40',
118 silly addNameRange     '4.4.14',
118 silly addNameRange     '4.4.15',
118 silly addNameRange     '4.4.16',
118 silly addNameRange     '4.4.17',
118 silly addNameRange     '4.4.18',
118 silly addNameRange     '4.4.19',
118 silly addNameRange     '4.4.20',
118 silly addNameRange     '4.5.0',
118 silly addNameRange     '4.5.1',
118 silly addNameRange     '4.5.2',
118 silly addNameRange     '4.5.3',
118 silly addNameRange     '4.5.4',
118 silly addNameRange     '4.5.5',
118 silly addNameRange     '4.5.6',
118 silly addNameRange     '4.5.7',
118 silly addNameRange     '4.5.8',
118 silly addNameRange     '4.5.9',
118 silly addNameRange     '4.5.10',
118 silly addNameRange     '4.6.0',
118 silly addNameRange     '4.6.1',
118 silly addNameRange     '4.6.2',
118 silly addNameRange     '4.6.3',
118 silly addNameRange     '4.6.4',
118 silly addNameRange     '4.6.5',
118 silly addNameRange     '4.6.6',
118 silly addNameRange     '4.6.7',
118 silly addNameRange     '4.6.8',
118 silly addNameRange     '4.7.0',
118 silly addNameRange     '4.7.1',
118 silly addNameRange     '4.7.2',
118 silly addNameRange     '4.7.3',
118 silly addNameRange     '4.7.4',
118 silly addNameRange     '4.7.5-pre',
118 silly addNameRange     '4.7.5',
118 silly addNameRange     '4.7.6',
118 silly addNameRange     '4.7.7',
118 silly addNameRange     '4.7.8',
118 silly addNameRange     '4.7.9',
118 silly addNameRange     '4.8.0',
118 silly addNameRange     '4.8.1',
118 silly addNameRange     '4.8.2',
118 silly addNameRange     '4.8.3',
118 silly addNameRange     '4.8.4',
118 silly addNameRange     '4.8.5',
118 silly addNameRange     '4.8.6',
118 silly addNameRange     '4.8.7',
118 silly addNameRange     '4.9.0',
118 silly addNameRange     '4.9.1',
118 silly addNameRange     '4.9.2',
118 silly addNameRange     '4.9.3',
118 silly addNameRange     '4.9.4',
118 silly addNameRange     '4.9.5',
118 silly addNameRange     '4.9.6',
118 silly addNameRange     '4.9.7',
118 silly addNameRange     '4.9.8',
118 silly addNameRange     '4.9.9',
118 silly addNameRange     '4.9.10',
118 silly addNameRange     '4.10.0',
118 silly addNameRange     '4.10.1',
118 silly addNameRange     '4.10.2',
118 silly addNameRange     '4.10.3',
118 silly addNameRange     '4.10.4',
118 silly addNameRange     '4.10.5',
118 silly addNameRange     '4.10.6',
118 silly addNameRange     '4.10.7',
118 silly addNameRange     '4.10.8',
118 silly addNameRange     '4.11.0',
118 silly addNameRange     '4.11.1',
118 silly addNameRange     '4.11.2',
118 silly addNameRange     '4.11.3',
118 silly addNameRange     '4.11.4',
118 silly addNameRange     '4.11.5',
118 silly addNameRange     '4.11.6',
118 silly addNameRange     '4.11.7',
118 silly addNameRange     '4.11.8',
118 silly addNameRange     '4.11.9',
118 silly addNameRange     '4.11.10',
118 silly addNameRange     '4.11.11',
118 silly addNameRange     '4.11.12',
118 silly addNameRange     '4.11.13',
118 silly addNameRange     '4.11.14',
118 silly addNameRange     '4.12.0',
118 silly addNameRange     '4.12.1',
118 silly addNameRange     '4.12.2',
118 silly addNameRange     '4.12.3',
118 silly addNameRange     '4.12.4',
118 silly addNameRange     '4.12.5',
118 silly addNameRange     '4.12.6',
118 silly addNameRange     '4.13.0',
118 silly addNameRange     '4.13.1',
118 silly addNameRange     '4.13.2',
118 silly addNameRange     '4.13.3',
118 silly addNameRange     '4.13.4',
118 silly addNameRange     '4.13.5',
118 silly addNameRange     '4.13.6',
118 silly addNameRange     '4.13.7',
118 silly addNameRange     '4.13.8',
118 silly addNameRange     '5.0.0-rc0',
118 silly addNameRange     '5.0.0-rc1' ] ]
119 silly addNamed mongoose@5.0.0-rc1
120 verbose addNamed "5.0.0-rc1" is a plain semver version for mongoose
121 silly mapToRegistry name mongoose
122 silly mapToRegistry using default registry
123 silly mapToRegistry registry https://registry.npmjs.org/
124 silly mapToRegistry data { raw: 'mongoose',
124 silly mapToRegistry   scope: null,
124 silly mapToRegistry   name: 'mongoose',
124 silly mapToRegistry   rawSpec: '',
124 silly mapToRegistry   spec: 'latest',
124 silly mapToRegistry   type: 'tag' }
125 silly mapToRegistry uri https://registry.npmjs.org/mongoose
126 verbose addRemoteTarball https://registry.npmjs.org/mongoose/-/mongoose-5.0.0-rc1.tgz not in flight; adding
127 verbose addRemoteTarball [ 'https://registry.npmjs.org/mongoose/-/mongoose-5.0.0-rc1.tgz',
127 verbose addRemoteTarball   '50e946aefda73d71d376979a7c31e2f71f16a7aa' ]
128 info retry fetch attempt 1 at 3:19:33 PM
129 info attempt registry request try #1 at 3:19:33 PM
130 http fetch GET https://registry.npmjs.org/mongoose/-/mongoose-5.0.0-rc1.tgz
131 http fetch 200 https://registry.npmjs.org/mongoose/-/mongoose-5.0.0-rc1.tgz
132 silly fetchAndShaCheck shasum 50e946aefda73d71d376979a7c31e2f71f16a7aa
133 verbose addTmpTarball /tmp/npm-12604-e0690a4c/registry.npmjs.org/mongoose/-/mongoose-5.0.0-rc1.tgz not in flight; adding
134 verbose addTmpTarball already have metadata; skipping unpack for mongoose@5.0.0-rc1
135 verbose correctMkdir /home/sanket/.npm correctMkdir not in flight; initializing
136 silly cache afterAdd mongoose@5.0.0-rc1
137 verbose afterAdd /home/sanket/.npm/mongoose/5.0.0-rc1/package/package.json not in flight; writing
138 verbose correctMkdir /home/sanket/.npm correctMkdir not in flight; initializing
139 verbose afterAdd /home/sanket/.npm/mongoose/5.0.0-rc1/package/package.json written
140 silly install resolved [ { name: 'mongoose',
140 silly install resolved     description: 'Mongoose MongoDB ODM',
140 silly install resolved     version: '5.0.0-rc1',
140 silly install resolved     author: { name: 'Guillermo Rauch', email: 'guillermo@learnboost.com' },
140 silly install resolved     keywords:
140 silly install resolved      [ 'mongodb',
140 silly install resolved        'document',
140 silly install resolved        'model',
140 silly install resolved        'schema',
140 silly install resolved        'database',
140 silly install resolved        'odm',
140 silly install resolved        'data',
140 silly install resolved        'datastore',
140 silly install resolved        'query',
140 silly install resolved        'nosql',
140 silly install resolved        'orm',
140 silly install resolved        'db' ],
140 silly install resolved     license: 'MIT',
140 silly install resolved     dependencies:
140 silly install resolved      { async: '2.1.4',
140 silly install resolved        bson: '~1.0.4',
140 silly install resolved        kareem: '2.0.0-rc5',
140 silly install resolved        'lodash.get': '4.4.2',
140 silly install resolved        mongodb: '3.0.1',
140 silly install resolved        'mongoose-legacy-pluralize': '1.0.1',
140 silly install resolved        mpath: '0.3.0',
140 silly install resolved        mquery: '3.0.0-rc0',
140 silly install resolved        ms: '2.0.0',
140 silly install resolved        'regexp-clone': '0.0.1',
140 silly install resolved        sliced: '1.0.1' },
140 silly install resolved     devDependencies:
140 silly install resolved      { acquit: '0.4.1',
140 silly install resolved        'acquit-ignore': '0.0.3',
140 silly install resolved        benchmark: '2.1.2',
140 silly install resolved        bluebird: '3.5.0',
140 silly install resolved        co: '4.6.0',
140 silly install resolved        dox: '0.3.1',
140 silly install resolved        eslint: '2.4.0',
140 silly install resolved        'highlight.js': '7.0.1',
140 silly install resolved        istanbul: '0.4.4',
140 silly install resolved        jade: '0.26.3',
140 silly install resolved        lodash: '4.16.6',
140 silly install resolved        markdown: '0.5.0',
140 silly install resolved        marked: '0.3.9',
140 silly install resolved        mocha: '3.2.0',
140 silly install resolved        'mongoose-long': '0.1.1',
140 silly install resolved        'mongodb-topology-manager': '1.0.11',
140 silly install resolved        'node-static': '0.7.7',
140 silly install resolved        nsp: '~2.8.1',
140 silly install resolved        'power-assert': '1.4.1',
140 silly install resolved        q: '1.5.1',
140 silly install resolved        tbd: '0.6.4',
140 silly install resolved        uuid: '2.0.3',
140 silly install resolved        'uuid-parse': '1.0.0',
140 silly install resolved        validator: '5.4.0' },
140 silly install resolved     directories: { lib: './lib/mongoose' },
140 silly install resolved     scripts:
140 silly install resolved      { 'fix-lint': 'eslint . --fix',
140 silly install resolved        lint: 'eslint . --quiet',
140 silly install resolved        nsp: 'nsp check',
140 silly install resolved        test: 'mocha test/*.test.js test/**/*.test.js',
140 silly install resolved        'test-cov': 'istanbul cover --report text --report html _mocha test/*.test.js' },
140 silly install resolved     main: './index.js',
140 silly install resolved     engines: { node: '>=4.0.0' },
140 silly install resolved     bugs: { url: 'https://github.com/Automattic/mongoose/issues/new' },
140 silly install resolved     repository: { type: 'git', url: 'git://github.com/Automattic/mongoose.git' },
140 silly install resolved     homepage: 'http://mongoosejs.com',
140 silly install resolved     browser: 'lib/browser.js',
140 silly install resolved     gitHead: 'e9f779fb549444d533edb9e31c06e6f838ea093b',
140 silly install resolved     _id: 'mongoose@5.0.0-rc1',
140 silly install resolved     _npmVersion: '5.3.0',
140 silly install resolved     _nodeVersion: '8.6.0',
140 silly install resolved     _npmUser: { name: 'vkarpov15', email: 'val@karpov.io' },
140 silly install resolved     dist:
140 silly install resolved      { integrity: 'sha512-TruKm/Jlh1TvVgLrtJL/bzx0MHVPeZ6KYuAq0hhkT9T7X0g4m/D/fKFWo3Iw77wILwLbTg6DDPiLIazEyOhcTQ==',
140 silly install resolved        shasum: '50e946aefda73d71d376979a7c31e2f71f16a7aa',
140 silly install resolved        tarball: 'https://registry.npmjs.org/mongoose/-/mongoose-5.0.0-rc1.tgz' },
140 silly install resolved     maintainers: [ [Object], [Object], [Object], [Object] ],
140 silly install resolved     _npmOperationalInternal:
140 silly install resolved      { host: 's3://npm-registry-packages',
140 silly install resolved        tmp: 'tmp/mongoose-5.0.0-rc1.tgz_1514908750916_0.5609095841646194' },
140 silly install resolved     _shasum: '50e946aefda73d71d376979a7c31e2f71f16a7aa',
140 silly install resolved     _resolved: 'https://registry.npmjs.org/mongoose/-/mongoose-5.0.0-rc1.tgz',
140 silly install resolved     _from: 'mongoose@>=5.0.0-rc0 <6.0.0' } ]
141 info install mongoose@5.0.0-rc1 into /home/sanket/jc
142 info installOne mongoose@5.0.0-rc1
143 verbose installOne of mongoose to /home/sanket/jc not in flight; installing
144 verbose correctMkdir /home/sanket/.npm/_locks correctMkdir not in flight; initializing
145 verbose lock using /home/sanket/.npm/_locks/mongoose-499cff9aa2a8f393.lock for /home/sanket/jc/node_modules/mongoose
146 warn engine mongoose@5.0.0-rc1: wanted: {"node":">=4.0.0"} (current: {"node":"0.12.18","npm":"2.15.11"})
147 silly install write writing mongoose 5.0.0-rc1 to /home/sanket/jc/node_modules/mongoose
148 verbose unbuild node_modules/mongoose
149 info preuninstall mongoose@5.0.0-rc0
150 info uninstall mongoose@5.0.0-rc0
151 verbose unbuild rmStuff mongoose@5.0.0-rc0 from /home/sanket/jc/node_modules
152 info postuninstall mongoose@5.0.0-rc0
153 silly gentlyRm /home/sanket/jc/node_modules/mongoose is being purged from base /home/sanket/jc
154 verbose gentlyRm don't care about contents; nuking /home/sanket/jc/node_modules/mongoose
155 silly vacuum-fs purging /home/sanket/jc/node_modules/mongoose
156 silly vacuum-fs quitting because other entries in /home/sanket/jc/node_modules
157 verbose tar unpack /home/sanket/.npm/mongoose/5.0.0-rc1/package.tgz
158 verbose tar unpacking to /home/sanket/jc/node_modules/mongoose
159 silly gentlyRm /home/sanket/jc/node_modules/mongoose is being purged
160 verbose gentlyRm don't care about contents; nuking /home/sanket/jc/node_modules/mongoose
161 silly gunzTarPerm modes [ '755', '644' ]
162 silly gunzTarPerm extractEntry package.json
163 silly gunzTarPerm modified mode [ 'package.json', 436, 420 ]
164 silly gunzTarPerm extractEntry .npmignore
165 silly gunzTarPerm modified mode [ '.npmignore', 436, 420 ]
166 silly gunzTarPerm extractEntry README.md
167 silly gunzTarPerm modified mode [ 'README.md', 436, 420 ]
168 silly gunzTarPerm extractEntry website.js
169 silly gunzTarPerm modified mode [ 'website.js', 436, 420 ]
170 silly gunzTarPerm extractEntry index.js
171 silly gunzTarPerm modified mode [ 'index.js', 436, 420 ]
172 silly gunzTarPerm extractEntry static.js
173 silly gunzTarPerm modified mode [ 'static.js', 436, 420 ]
174 silly gunzTarPerm extractEntry CONTRIBUTING.md
175 silly gunzTarPerm modified mode [ 'CONTRIBUTING.md', 436, 420 ]
176 silly gunzTarPerm extractEntry History.md
177 silly gunzTarPerm modified mode [ 'History.md', 436, 420 ]
178 silly gunzTarPerm extractEntry .eslintrc.yml
179 silly gunzTarPerm modified mode [ '.eslintrc.yml', 436, 420 ]
180 silly gunzTarPerm extractEntry .github/ISSUE_TEMPLATE.md
181 silly gunzTarPerm modified mode [ '.github/ISSUE_TEMPLATE.md', 436, 420 ]
182 silly gunzTarPerm extractEntry .github/PULL_REQUEST_TEMPLATE.md
183 silly gunzTarPerm modified mode [ '.github/PULL_REQUEST_TEMPLATE.md', 436, 420 ]
184 silly gunzTarPerm extractEntry .eslintignore
185 silly gunzTarPerm modified mode [ '.eslintignore', 436, 420 ]
186 silly gunzTarPerm extractEntry lib/aggregate.js
187 silly gunzTarPerm modified mode [ 'lib/aggregate.js', 436, 420 ]
188 silly gunzTarPerm extractEntry lib/utils.js
189 silly gunzTarPerm modified mode [ 'lib/utils.js', 436, 420 ]
190 silly gunzTarPerm extractEntry lib/document.js
191 silly gunzTarPerm modified mode [ 'lib/document.js', 436, 420 ]
192 silly gunzTarPerm extractEntry lib/document_provider.js
193 silly gunzTarPerm modified mode [ 'lib/document_provider.js', 436, 420 ]
194 silly gunzTarPerm extractEntry lib/document_provider.web.js
195 silly gunzTarPerm modified mode [ 'lib/document_provider.web.js', 436, 420 ]
196 silly gunzTarPerm extractEntry lib/connectionstate.js
197 silly gunzTarPerm modified mode [ 'lib/connectionstate.js', 436, 420 ]
198 silly gunzTarPerm extractEntry lib/schematype.js
199 silly gunzTarPerm modified mode [ 'lib/schematype.js', 436, 420 ]
200 silly gunzTarPerm extractEntry lib/index.js
201 silly gunzTarPerm modified mode [ 'lib/index.js', 436, 420 ]
202 silly gunzTarPerm extractEntry lib/browser.js
203 silly gunzTarPerm modified mode [ 'lib/browser.js', 436, 420 ]
204 silly gunzTarPerm extractEntry lib/model.js
205 silly gunzTarPerm modified mode [ 'lib/model.js', 436, 420 ]
206 silly gunzTarPerm extractEntry lib/options.js
207 silly gunzTarPerm modified mode [ 'lib/options.js', 436, 420 ]
208 silly gunzTarPerm extractEntry lib/connection.js
209 silly gunzTarPerm modified mode [ 'lib/connection.js', 436, 420 ]
210 silly gunzTarPerm extractEntry lib/schema.js
211 silly gunzTarPerm modified mode [ 'lib/schema.js', 436, 420 ]
212 silly gunzTarPerm extractEntry lib/collection.js
213 silly gunzTarPerm modified mode [ 'lib/collection.js', 436, 420 ]
214 silly gunzTarPerm extractEntry lib/promise_provider.js
215 silly gunzTarPerm modified mode [ 'lib/promise_provider.js', 436, 420 ]
216 silly gunzTarPerm extractEntry lib/cast.js
217 silly gunzTarPerm modified mode [ 'lib/cast.js', 436, 420 ]
218 silly gunzTarPerm extractEntry lib/query.js
219 silly gunzTarPerm modified mode [ 'lib/query.js', 436, 420 ]
220 silly gunzTarPerm extractEntry lib/browserDocument.js
221 silly gunzTarPerm modified mode [ 'lib/browserDocument.js', 436, 420 ]
222 silly gunzTarPerm extractEntry lib/queryhelpers.js
223 silly gunzTarPerm modified mode [ 'lib/queryhelpers.js', 436, 420 ]
224 silly gunzTarPerm extractEntry lib/statemachine.js
225 silly gunzTarPerm modified mode [ 'lib/statemachine.js', 436, 420 ]
226 silly gunzTarPerm extractEntry lib/virtualtype.js
227 silly gunzTarPerm modified mode [ 'lib/virtualtype.js', 436, 420 ]
228 silly gunzTarPerm extractEntry lib/internal.js
229 silly gunzTarPerm modified mode [ 'lib/internal.js', 436, 420 ]
230 silly gunzTarPerm extractEntry lib/schema/array.js
231 silly gunzTarPerm modified mode [ 'lib/schema/array.js', 436, 420 ]
232 silly gunzTarPerm extractEntry lib/schema/buffer.js
233 silly gunzTarPerm modified mode [ 'lib/schema/buffer.js', 436, 420 ]
234 silly gunzTarPerm extractEntry lib/schema/date.js
235 silly gunzTarPerm modified mode [ 'lib/schema/date.js', 436, 420 ]
236 silly gunzTarPerm extractEntry lib/schema/decimal128.js
237 silly gunzTarPerm modified mode [ 'lib/schema/decimal128.js', 436, 420 ]
238 silly gunzTarPerm extractEntry lib/schema/documentarray.js
239 silly gunzTarPerm modified mode [ 'lib/schema/documentarray.js', 436, 420 ]
240 silly gunzTarPerm extractEntry lib/schema/boolean.js
241 silly gunzTarPerm modified mode [ 'lib/schema/boolean.js', 436, 420 ]
242 silly gunzTarPerm extractEntry lib/schema/index.js
243 silly gunzTarPerm modified mode [ 'lib/schema/index.js', 436, 420 ]
244 silly gunzTarPerm extractEntry lib/schema/mixed.js
245 silly gunzTarPerm modified mode [ 'lib/schema/mixed.js', 436, 420 ]
246 silly gunzTarPerm extractEntry lib/schema/number.js
247 silly gunzTarPerm modified mode [ 'lib/schema/number.js', 436, 420 ]
248 silly gunzTarPerm extractEntry lib/schema/objectid.js
249 silly gunzTarPerm modified mode [ 'lib/schema/objectid.js', 436, 420 ]
250 silly gunzTarPerm extractEntry lib/schema/string.js
251 silly gunzTarPerm modified mode [ 'lib/schema/string.js', 436, 420 ]
252 silly gunzTarPerm extractEntry lib/schema/embedded.js
253 silly gunzTarPerm modified mode [ 'lib/schema/embedded.js', 436, 420 ]
254 silly gunzTarPerm extractEntry lib/schema/operators/bitwise.js
255 silly gunzTarPerm modified mode [ 'lib/schema/operators/bitwise.js', 436, 420 ]
256 silly gunzTarPerm extractEntry lib/schema/operators/exists.js
257 silly gunzTarPerm modified mode [ 'lib/schema/operators/exists.js', 436, 420 ]
258 silly gunzTarPerm extractEntry lib/schema/operators/geospatial.js
259 silly gunzTarPerm modified mode [ 'lib/schema/operators/geospatial.js', 436, 420 ]
260 silly gunzTarPerm extractEntry lib/schema/operators/helpers.js
261 silly gunzTarPerm modified mode [ 'lib/schema/operators/helpers.js', 436, 420 ]
262 silly gunzTarPerm extractEntry lib/schema/operators/type.js
263 silly gunzTarPerm modified mode [ 'lib/schema/operators/type.js', 436, 420 ]
264 silly gunzTarPerm extractEntry lib/plugins/idGetter.js
265 silly gunzTarPerm modified mode [ 'lib/plugins/idGetter.js', 436, 420 ]
266 silly gunzTarPerm extractEntry lib/plugins/removeSubdocs.js
267 silly gunzTarPerm modified mode [ 'lib/plugins/removeSubdocs.js', 436, 420 ]
268 silly gunzTarPerm extractEntry lib/plugins/saveSubdocs.js
269 silly gunzTarPerm modified mode [ 'lib/plugins/saveSubdocs.js', 436, 420 ]
270 silly gunzTarPerm extractEntry lib/plugins/sharding.js
271 silly gunzTarPerm modified mode [ 'lib/plugins/sharding.js', 436, 420 ]
272 silly gunzTarPerm extractEntry lib/plugins/validateBeforeSave.js
273 silly gunzTarPerm modified mode [ 'lib/plugins/validateBeforeSave.js', 436, 420 ]
274 silly gunzTarPerm extractEntry lib/error/browserMissingSchema.js
275 silly gunzTarPerm modified mode [ 'lib/error/browserMissingSchema.js', 436, 420 ]
276 silly gunzTarPerm extractEntry lib/error/index.js
277 silly gunzTarPerm modified mode [ 'lib/error/index.js', 436, 420 ]
278 silly gunzTarPerm extractEntry lib/error/messages.js
279 silly gunzTarPerm modified mode [ 'lib/error/messages.js', 436, 420 ]
280 silly gunzTarPerm extractEntry lib/error/missingSchema.js
281 silly gunzTarPerm modified mode [ 'lib/error/missingSchema.js', 436, 420 ]
282 silly gunzTarPerm extractEntry lib/error/divergentArray.js
283 silly gunzTarPerm modified mode [ 'lib/error/divergentArray.js', 436, 420 ]
284 silly gunzTarPerm extractEntry lib/error/objectExpected.js
285 silly gunzTarPerm modified mode [ 'lib/error/objectExpected.js', 436, 420 ]
286 silly gunzTarPerm extractEntry lib/error/objectParameter.js
287 silly gunzTarPerm modified mode [ 'lib/error/objectParameter.js', 436, 420 ]
288 silly gunzTarPerm extractEntry lib/error/overwriteModel.js
289 silly gunzTarPerm modified mode [ 'lib/error/overwriteModel.js', 436, 420 ]
290 silly gunzTarPerm extractEntry lib/error/strict.js
291 silly gunzTarPerm modified mode [ 'lib/error/strict.js', 436, 420 ]
292 silly gunzTarPerm extractEntry lib/error/validation.js
293 silly gunzTarPerm modified mode [ 'lib/error/validation.js', 436, 420 ]
294 silly gunzTarPerm extractEntry lib/error/disconnected.js
295 silly gunzTarPerm modified mode [ 'lib/error/disconnected.js', 436, 420 ]
296 silly gunzTarPerm extractEntry lib/error/validator.js
297 silly gunzTarPerm modified mode [ 'lib/error/validator.js', 436, 420 ]
298 silly gunzTarPerm extractEntry lib/error/cast.js
299 silly gunzTarPerm modified mode [ 'lib/error/cast.js', 436, 420 ]
300 silly gunzTarPerm extractEntry lib/error/version.js
301 silly gunzTarPerm modified mode [ 'lib/error/version.js', 436, 420 ]
302 silly gunzTarPerm extractEntry lib/error/notFound.js
303 silly gunzTarPerm modified mode [ 'lib/error/notFound.js', 436, 420 ]
304 silly gunzTarPerm extractEntry lib/services/common.js
305 silly gunzTarPerm modified mode [ 'lib/services/common.js', 436, 420 ]
306 silly gunzTarPerm extractEntry lib/services/setDefaultsOnInsert.js
307 silly gunzTarPerm modified mode [ 'lib/services/setDefaultsOnInsert.js', 436, 420 ]
308 silly gunzTarPerm extractEntry lib/services/updateValidators.js
309 silly gunzTarPerm modified mode [ 'lib/services/updateValidators.js', 436, 420 ]
310 silly gunzTarPerm extractEntry lib/services/cursor/eachAsync.js
311 silly gunzTarPerm modified mode [ 'lib/services/cursor/eachAsync.js', 436, 420 ]
312 silly gunzTarPerm extractEntry lib/services/document/cleanModifiedSubpaths.js
313 silly gunzTarPerm modified mode [ 'lib/services/document/cleanModifiedSubpaths.js', 436, 420 ]
314 silly gunzTarPerm extractEntry lib/services/document/compile.js
315 silly gunzTarPerm modified mode [ 'lib/services/document/compile.js', 436, 420 ]
316 silly gunzTarPerm extractEntry lib/services/model/applyHooks.js
317 silly gunzTarPerm modified mode [ 'lib/services/model/applyHooks.js', 436, 420 ]
318 silly gunzTarPerm extractEntry lib/services/model/applyMethods.js
319 silly gunzTarPerm modified mode [ 'lib/services/model/applyMethods.js', 436, 420 ]
320 silly gunzTarPerm extractEntry lib/services/model/applyStatics.js
321 silly gunzTarPerm modified mode [ 'lib/services/model/applyStatics.js', 436, 420 ]
322 silly gunzTarPerm extractEntry lib/services/model/discriminator.js
323 silly gunzTarPerm modified mode [ 'lib/services/model/discriminator.js', 436, 420 ]
324 silly gunzTarPerm extractEntry lib/services/projection/isDefiningProjection.js
325 silly gunzTarPerm modified mode [ 'lib/services/projection/isDefiningProjection.js', 436, 420 ]
326 silly gunzTarPerm extractEntry lib/services/projection/isInclusive.js
327 silly gunzTarPerm modified mode [ 'lib/services/projection/isInclusive.js', 436, 420 ]
328 silly gunzTarPerm extractEntry lib/services/projection/isPathSelectedInclusive.js
329 silly gunzTarPerm modified mode [ 'lib/services/projection/isPathSelectedInclusive.js',
329 silly gunzTarPerm   436,
329 silly gunzTarPerm   420 ]
330 silly gunzTarPerm extractEntry lib/services/query/castUpdate.js
331 silly gunzTarPerm modified mode [ 'lib/services/query/castUpdate.js', 436, 420 ]
332 silly gunzTarPerm extractEntry lib/services/query/hasDollarKeys.js
333 silly gunzTarPerm modified mode [ 'lib/services/query/hasDollarKeys.js', 436, 420 ]
334 silly gunzTarPerm extractEntry lib/services/query/selectPopulatedFields.js
335 silly gunzTarPerm modified mode [ 'lib/services/query/selectPopulatedFields.js', 436, 420 ]
336 silly gunzTarPerm extractEntry lib/drivers/index.js
337 silly gunzTarPerm modified mode [ 'lib/drivers/index.js', 436, 420 ]
338 silly gunzTarPerm extractEntry lib/drivers/index.web.js
339 silly gunzTarPerm modified mode [ 'lib/drivers/index.web.js', 436, 420 ]
340 silly gunzTarPerm extractEntry lib/drivers/SPEC.md
341 silly gunzTarPerm modified mode [ 'lib/drivers/SPEC.md', 436, 420 ]
342 silly gunzTarPerm extractEntry lib/drivers/browser/ReadPreference.js
343 silly gunzTarPerm modified mode [ 'lib/drivers/browser/ReadPreference.js', 436, 420 ]
344 silly gunzTarPerm extractEntry lib/drivers/browser/binary.js
345 silly gunzTarPerm modified mode [ 'lib/drivers/browser/binary.js', 436, 420 ]
346 silly gunzTarPerm extractEntry lib/drivers/browser/decimal128.js
347 silly gunzTarPerm modified mode [ 'lib/drivers/browser/decimal128.js', 436, 420 ]
348 silly gunzTarPerm extractEntry lib/drivers/browser/index.js
349 silly gunzTarPerm modified mode [ 'lib/drivers/browser/index.js', 436, 420 ]
350 silly gunzTarPerm extractEntry lib/drivers/browser/objectid.js
351 silly gunzTarPerm modified mode [ 'lib/drivers/browser/objectid.js', 436, 420 ]
352 silly gunzTarPerm extractEntry lib/drivers/node-mongodb-native/ReadPreference.js
353 silly gunzTarPerm modified mode [ 'lib/drivers/node-mongodb-native/ReadPreference.js', 436, 420 ]
354 silly gunzTarPerm extractEntry lib/drivers/node-mongodb-native/binary.js
355 silly gunzTarPerm modified mode [ 'lib/drivers/node-mongodb-native/binary.js', 436, 420 ]
356 silly gunzTarPerm extractEntry lib/drivers/node-mongodb-native/collection.js
357 silly gunzTarPerm modified mode [ 'lib/drivers/node-mongodb-native/collection.js', 436, 420 ]
358 silly gunzTarPerm extractEntry lib/drivers/node-mongodb-native/connection.js
359 silly gunzTarPerm modified mode [ 'lib/drivers/node-mongodb-native/connection.js', 436, 420 ]
360 silly gunzTarPerm extractEntry lib/drivers/node-mongodb-native/decimal128.js
361 silly gunzTarPerm modified mode [ 'lib/drivers/node-mongodb-native/decimal128.js', 436, 420 ]
362 silly gunzTarPerm extractEntry lib/drivers/node-mongodb-native/index.js
363 silly gunzTarPerm modified mode [ 'lib/drivers/node-mongodb-native/index.js', 436, 420 ]
364 silly gunzTarPerm extractEntry lib/drivers/node-mongodb-native/objectid.js
365 silly gunzTarPerm modified mode [ 'lib/drivers/node-mongodb-native/objectid.js', 436, 420 ]
366 silly gunzTarPerm extractEntry lib/types/array.js
367 silly gunzTarPerm modified mode [ 'lib/types/array.js', 436, 420 ]
368 silly gunzTarPerm extractEntry lib/types/buffer.js
369 silly gunzTarPerm modified mode [ 'lib/types/buffer.js', 436, 420 ]
370 silly gunzTarPerm extractEntry lib/types/decimal128.js
371 silly gunzTarPerm modified mode [ 'lib/types/decimal128.js', 436, 420 ]
372 silly gunzTarPerm extractEntry lib/types/documentarray.js
373 silly gunzTarPerm modified mode [ 'lib/types/documentarray.js', 436, 420 ]
374 silly gunzTarPerm extractEntry lib/types/embedded.js
375 silly gunzTarPerm modified mode [ 'lib/types/embedded.js', 436, 420 ]
376 silly gunzTarPerm extractEntry lib/types/index.js
377 silly gunzTarPerm modified mode [ 'lib/types/index.js', 436, 420 ]
378 silly gunzTarPerm extractEntry lib/types/objectid.js
379 silly gunzTarPerm modified mode [ 'lib/types/objectid.js', 436, 420 ]
380 silly gunzTarPerm extractEntry lib/types/subdocument.js
381 silly gunzTarPerm modified mode [ 'lib/types/subdocument.js', 436, 420 ]
382 silly gunzTarPerm extractEntry lib/cursor/AggregationCursor.js
383 silly gunzTarPerm modified mode [ 'lib/cursor/AggregationCursor.js', 436, 420 ]
384 silly gunzTarPerm extractEntry lib/cursor/QueryCursor.js
385 silly gunzTarPerm modified mode [ 'lib/cursor/QueryCursor.js', 436, 420 ]
386 silly gunzTarPerm extractEntry migrating_to_5.md
387 silly gunzTarPerm modified mode [ 'migrating_to_5.md', 436, 420 ]
388 silly gunzTarPerm extractEntry tools/auth.js
389 silly gunzTarPerm modified mode [ 'tools/auth.js', 436, 420 ]
390 silly gunzTarPerm extractEntry tools/repl.js
391 silly gunzTarPerm modified mode [ 'tools/repl.js', 436, 420 ]
392 silly gunzTarPerm extractEntry tools/sharded.js
393 silly gunzTarPerm modified mode [ 'tools/sharded.js', 436, 420 ]
394 silly gunzTarPerm extractEntry .travis.yml
395 silly gunzTarPerm modified mode [ '.travis.yml', 436, 420 ]
396 silly gunzTarPerm extractEntry release-items.md
397 silly gunzTarPerm modified mode [ 'release-items.md', 436, 420 ]
398 silly gunzTarPerm extractEntry examples/README.md
399 silly gunzTarPerm modified mode [ 'examples/README.md', 436, 420 ]
400 silly gunzTarPerm extractEntry examples/doc-methods.js
401 silly gunzTarPerm modified mode [ 'examples/doc-methods.js', 436, 420 ]
402 silly gunzTarPerm extractEntry examples/statics/person.js
403 silly gunzTarPerm modified mode [ 'examples/statics/person.js', 436, 420 ]
404 silly gunzTarPerm extractEntry examples/statics/statics.js
405 silly gunzTarPerm modified mode [ 'examples/statics/statics.js', 436, 420 ]
406 silly gunzTarPerm extractEntry examples/express/README.md
407 silly gunzTarPerm modified mode [ 'examples/express/README.md', 436, 420 ]
408 silly gunzTarPerm extractEntry examples/express/connection-sharing/package.json
409 silly gunzTarPerm modified mode [ 'examples/express/connection-sharing/package.json', 436, 420 ]
410 silly gunzTarPerm extractEntry examples/express/connection-sharing/README.md
411 silly gunzTarPerm modified mode [ 'examples/express/connection-sharing/README.md', 436, 420 ]
412 silly gunzTarPerm extractEntry examples/express/connection-sharing/app.js
413 silly gunzTarPerm modified mode [ 'examples/express/connection-sharing/app.js', 436, 420 ]
414 silly gunzTarPerm extractEntry examples/express/connection-sharing/modelA.js
415 silly gunzTarPerm modified mode [ 'examples/express/connection-sharing/modelA.js', 436, 420 ]
416 silly gunzTarPerm extractEntry examples/express/connection-sharing/routes.js
417 silly gunzTarPerm modified mode [ 'examples/express/connection-sharing/routes.js', 436, 420 ]
418 silly gunzTarPerm extractEntry examples/geospatial/package.json
419 silly gunzTarPerm modified mode [ 'examples/geospatial/package.json', 436, 420 ]
420 silly gunzTarPerm extractEntry examples/geospatial/geoJSONSchema.js
421 silly gunzTarPerm modified mode [ 'examples/geospatial/geoJSONSchema.js', 436, 420 ]
422 silly gunzTarPerm extractEntry examples/geospatial/geoJSONexample.js
423 silly gunzTarPerm modified mode [ 'examples/geospatial/geoJSONexample.js', 436, 420 ]
424 silly gunzTarPerm extractEntry examples/geospatial/geospatial.js
425 silly gunzTarPerm modified mode [ 'examples/geospatial/geospatial.js', 436, 420 ]
426 silly gunzTarPerm extractEntry examples/geospatial/person.js
427 silly gunzTarPerm modified mode [ 'examples/geospatial/person.js', 436, 420 ]
428 silly gunzTarPerm extractEntry examples/globalschemas/gs_example.js
429 silly gunzTarPerm modified mode [ 'examples/globalschemas/gs_example.js', 436, 420 ]
430 silly gunzTarPerm extractEntry examples/globalschemas/person.js
431 silly gunzTarPerm modified mode [ 'examples/globalschemas/person.js', 436, 420 ]
432 silly gunzTarPerm extractEntry examples/lean/package.json
433 silly gunzTarPerm modified mode [ 'examples/lean/package.json', 436, 420 ]
434 silly gunzTarPerm extractEntry examples/lean/lean.js
435 silly gunzTarPerm modified mode [ 'examples/lean/lean.js', 436, 420 ]
436 silly gunzTarPerm extractEntry examples/lean/person.js
437 silly gunzTarPerm modified mode [ 'examples/lean/person.js', 436, 420 ]
438 silly gunzTarPerm extractEntry examples/aggregate/package.json
439 silly gunzTarPerm modified mode [ 'examples/aggregate/package.json', 436, 420 ]
440 silly gunzTarPerm extractEntry examples/aggregate/aggregate.js
441 silly gunzTarPerm modified mode [ 'examples/aggregate/aggregate.js', 436, 420 ]
442 silly gunzTarPerm extractEntry examples/aggregate/person.js
443 silly gunzTarPerm modified mode [ 'examples/aggregate/person.js', 436, 420 ]
444 silly gunzTarPerm extractEntry examples/population/population-across-three-collections.js
445 silly gunzTarPerm modified mode [ 'examples/population/population-across-three-collections.js',
445 silly gunzTarPerm   436,
445 silly gunzTarPerm   420 ]
446 silly gunzTarPerm extractEntry examples/population/population-basic.js
447 silly gunzTarPerm modified mode [ 'examples/population/population-basic.js', 436, 420 ]
448 silly gunzTarPerm extractEntry examples/population/population-of-existing-doc.js
449 silly gunzTarPerm modified mode [ 'examples/population/population-of-existing-doc.js', 436, 420 ]
450 silly gunzTarPerm extractEntry examples/population/population-of-multiple-existing-docs.js
451 silly gunzTarPerm modified mode [ 'examples/population/population-of-multiple-existing-docs.js',
451 silly gunzTarPerm   436,
451 silly gunzTarPerm   420 ]
452 silly gunzTarPerm extractEntry examples/population/population-options.js
453 silly gunzTarPerm modified mode [ 'examples/population/population-options.js', 436, 420 ]
454 silly gunzTarPerm extractEntry examples/population/population-plain-objects.js
455 silly gunzTarPerm modified mode [ 'examples/population/population-plain-objects.js', 436, 420 ]
456 silly gunzTarPerm extractEntry examples/promises/package.json
457 silly gunzTarPerm modified mode [ 'examples/promises/package.json', 436, 420 ]
458 silly gunzTarPerm extractEntry examples/promises/person.js
459 silly gunzTarPerm modified mode [ 'examples/promises/person.js', 436, 420 ]
460 silly gunzTarPerm extractEntry examples/promises/promise.js
461 silly gunzTarPerm modified mode [ 'examples/promises/promise.js', 436, 420 ]
462 silly gunzTarPerm extractEntry examples/querybuilder/package.json
463 silly gunzTarPerm modified mode [ 'examples/querybuilder/package.json', 436, 420 ]
464 silly gunzTarPerm extractEntry examples/querybuilder/person.js
465 silly gunzTarPerm modified mode [ 'examples/querybuilder/person.js', 436, 420 ]
466 silly gunzTarPerm extractEntry examples/querybuilder/querybuilder.js
467 silly gunzTarPerm modified mode [ 'examples/querybuilder/querybuilder.js', 436, 420 ]
468 silly gunzTarPerm extractEntry examples/replicasets/package.json
469 silly gunzTarPerm modified mode [ 'examples/replicasets/package.json', 436, 420 ]
470 silly gunzTarPerm extractEntry examples/replicasets/person.js
471 silly gunzTarPerm modified mode [ 'examples/replicasets/person.js', 436, 420 ]
472 silly gunzTarPerm extractEntry examples/replicasets/replica-sets.js
473 silly gunzTarPerm modified mode [ 'examples/replicasets/replica-sets.js', 436, 420 ]
474 silly gunzTarPerm extractEntry examples/schema/schema.js
475 silly gunzTarPerm modified mode [ 'examples/schema/schema.js', 436, 420 ]
476 silly gunzTarPerm extractEntry examples/schema/storing-schemas-as-json/index.js
477 silly gunzTarPerm modified mode [ 'examples/schema/storing-schemas-as-json/index.js', 436, 420 ]
478 silly gunzTarPerm extractEntry examples/schema/storing-schemas-as-json/schema.json
479 silly gunzTarPerm modified mode [ 'examples/schema/storing-schemas-as-json/schema.json',
479 silly gunzTarPerm   436,
479 silly gunzTarPerm   420 ]
480 silly gunzTarPerm extractEntry examples/mapreduce/package.json
481 silly gunzTarPerm modified mode [ 'examples/mapreduce/package.json', 436, 420 ]
482 silly gunzTarPerm extractEntry examples/mapreduce/mapreduce.js
483 silly gunzTarPerm modified mode [ 'examples/mapreduce/mapreduce.js', 436, 420 ]
484 silly gunzTarPerm extractEntry examples/mapreduce/person.js
485 silly gunzTarPerm modified mode [ 'examples/mapreduce/person.js', 436, 420 ]
486 verbose write writing to /home/sanket/jc/node_modules/mongoose/package.json
487 info preinstall mongoose@5.0.0-rc1
488 verbose readDependencies loading dependencies from /home/sanket/jc/node_modules/mongoose/package.json
489 verbose readDependencies loading dependencies from /home/sanket/jc/node_modules/mongoose/package.json
490 silly install resolved []
491 verbose about to build /home/sanket/jc/node_modules/mongoose
492 info build /home/sanket/jc/node_modules/mongoose
493 info linkStuff mongoose@5.0.0-rc1
494 silly linkStuff mongoose@5.0.0-rc1 has /home/sanket/jc/node_modules as its parent node_modules
495 verbose linkBins mongoose@5.0.0-rc1
496 verbose linkMans mongoose@5.0.0-rc1
497 verbose rebuildBundles mongoose@5.0.0-rc1
498 info install mongoose@5.0.0-rc1
499 info postinstall mongoose@5.0.0-rc1
500 verbose unlock done using /home/sanket/.npm/_locks/mongoose-499cff9aa2a8f393.lock for /home/sanket/jc/node_modules/mongoose
501 verbose validateInstall loading /home/sanket/jc/package.json for validation
502 verbose stack Error: The package mongoose@5.0.0-rc1 does not satisfy its siblings' peerDependencies requirements!
502 verbose stack     at /home/sanket/.nvm/versions/node/v0.12.18/lib/node_modules/npm/lib/install.js:125:32
502 verbose stack     at /home/sanket/.nvm/versions/node/v0.12.18/lib/node_modules/npm/lib/install.js:268:7
502 verbose stack     at /home/sanket/.nvm/versions/node/v0.12.18/lib/node_modules/npm/node_modules/read-installed/read-installed.js:142:5
502 verbose stack     at /home/sanket/.nvm/versions/node/v0.12.18/lib/node_modules/npm/node_modules/read-installed/read-installed.js:263:14
502 verbose stack     at cb (/home/sanket/.nvm/versions/node/v0.12.18/lib/node_modules/npm/node_modules/slide/lib/async-map.js:47:24)
502 verbose stack     at /home/sanket/.nvm/versions/node/v0.12.18/lib/node_modules/npm/node_modules/read-installed/read-installed.js:263:14
502 verbose stack     at cb (/home/sanket/.nvm/versions/node/v0.12.18/lib/node_modules/npm/node_modules/slide/lib/async-map.js:47:24)
502 verbose stack     at /home/sanket/.nvm/versions/node/v0.12.18/lib/node_modules/npm/node_modules/read-installed/read-installed.js:263:14
502 verbose stack     at asyncMap (/home/sanket/.nvm/versions/node/v0.12.18/lib/node_modules/npm/node_modules/slide/lib/async-map.js:27:18)
502 verbose stack     at next (/home/sanket/.nvm/versions/node/v0.12.18/lib/node_modules/npm/node_modules/read-installed/read-installed.js:234:5)
503 verbose cwd /home/sanket/jc
504 error Linux 4.13.0-17-generic
505 error argv "/home/sanket/.nvm/versions/node/v0.12.18/bin/node" "/home/sanket/.nvm/versions/node/v0.12.18/bin/npm" "install" "mongoose"
506 error node v0.12.18
507 error npm  v2.15.11
508 error code EPEERINVALID
509 error peerinvalid The package mongoose@5.0.0-rc1 does not satisfy its siblings' peerDependencies requirements!
509 error peerinvalid Peer mongoose-legacy-pluralize@1.0.1 wants mongoose@*
510 verbose exit [ 1, true ]
